CREATE USER SA PASSWORD "" ADMIN
/*C1*/SET SCHEMA PUBLIC
CONNECT USER SA
CREATE TABLE ENTRENAMIENTO(\u000a\u0009P_itineraio \u0009integer primary key,\u000a\u0009hora_comienzo \u0009date,\u000a\u0009hora_fin \u0009date,\u000a\u0009tipo_sesion \u0009varchar(15),\u000a\u0009descripcion \u0009varchar (100)\u000a)
CREATE TABLE ITINERARIO(\u000a\u0009p_itinerario \u0009integer primary key,\u000a\u0009nombre \u0009\u0009varchar(20),\u000a\u0009localizacion \u0009varchar(20),\u000a\u0009tipo \u0009\u0009varchar(20),\u000a\u0009dificultad \u0009varchar(20),\u000a\u0009fotografia \u0009varchar(100)\u000a)
CREATE TABLE FECHA_ITINERARIO(\u000a\u0009fecha\u0009\u0009date\u000a\u0009\u000a)
drop table "PUBLIC"."FECHA_ITINERARIO"
CREATE TABLE FECHA_ITINERARIO(\u000a    a_itinerario        integer,\u000a    fecha\u0009\u0009date\u0009\u000a)
ALTER TABLE PUBLIC.FECHA_ITINERARIO\u000aADD FOREIGN KEY (a_itinerario) \u000aREFERENCES PUBLIC.ITINERARIO(p_itinerario)\u000aON DELETE CASCADE
INSERT INTO ITINERARIO VALUES(1,'Nestle','Pais del chocolate','boulder','4a','asdasdasda')
INSERT INTO ITINERARIO VALUES(2,'Almohada','Ciudad Almohada','via','4b','asdasd')
INSERT INTO ITINERARIO VALUES(3,'Payaso','Circo de Payasos','via','4a','fffffff')
INSERT INTO ITINERARIO VALUES(4,'Billetes','Municipio del cr\u00e9dito','boulder','5c','asdad')
drop table "PUBLIC"."ENTRENAMIENTO"
drop table "PUBLIC"."FECHA_ITINERARIO"
drop table "PUBLIC"."ITINERARIO"
DISCONNECT
/*C2*/SET SCHEMA PUBLIC
CONNECT USER SA
DISCONNECT
