/*C2*/SET SCHEMA PUBLIC
CONNECT USER SA
alter table "PUBLIC"."ENTRENAMIENTO" drop "P_ITINERAIO"
drop table "PUBLIC"."ITINERARIO"
drop table "PUBLIC"."FECHA_ITINERARIO"
CREATE TABLE ITINERARIO(\u000a\u0009p_itinerario \u0009integer primary key,\u000a\u0009nombre \u0009\u0009varchar(20),\u000a\u0009localizacion \u0009varchar(20),\u000a\u0009tipo \u0009\u0009varchar(20),\u000a\u0009dificultad \u0009varchar(20),\u000a\u0009fotografia \u0009varchar(100)\u000a)
CREATE TABLE FECHA_ITINERARIO(\u000a\u0009fecha\u0009\u0009TIMESTAMP\u0009\u000a)
alter table "PUBLIC"."FECHA_ITINERARIO" add A_itinerario TIMESTAMP not null primary key
drop table "PUBLIC"."FECHA_ITINERARIO"
CREATE TABLE FECHA_ITINERARIO(\u000a\u0009a_itinerario \u0009integer ,\u000a\u0009fecha\u0009\u0009TIMESTAMP\u000a\u0009\u000a)
ALTER TABLE PUBLIC.FECHA_ITINERARIO\u000aADD FOREIGN KEY (A_itinerario) \u000aREFERENCES PUBLIC.ITINERARIO(P_itinerario)\u000aON DELETE CASCADE
drop table "PUBLIC"."ENTRENAMIENTO"
CREATE TABLE ENTRENAMIENTO(\u000a\u0009P_entrenamiento\u0009integer primary key,\u000a\u0009hora_comienzo \u0009TIMESTAMP,\u000a\u0009hora_fin \u0009TIMESTAMP,\u000a\u0009tipo_sesion \u0009varchar(15),\u000a\u0009descripcion \u0009varchar (100)\u000a)\u000a
INSERT INTO ENTRENAMIENTO VALUES(1,'2014-01-11 12:00:00.000000000','2014-01-11 16:45:00.000000000','f\u00edsico','A ponerse rocoso')
INSERT INTO ENTRENAMIENTO VALUES(2,'2014-09-07 11:35:00.000000000','2014-09-07 17:25:00.000000000','f\u00edsico','Menuda ciclada')
INSERT INTO ENTRENAMIENTO VALUES(3,'2014-01-09 09:15:00.000000000','2014-01-09 17:00:00.000000000','f\u00edsico','Hoy de relax')
INSERT INTO ENTRENAMIENTO VALUES(4,'2014-10-23 12:00:00.000000000','2014-10-23 18:45:00.000000000','f\u00edsico','Y para cenar...PESAS')
INSERT INTO ITINERARIO VALUES(1,'Nestle','Pais del chocolate','boulder','4a','')
INSERT INTO ITINERARIO VALUES(2,'Almohada','Ciudad Almohada','via','4b','')
INSERT INTO ITINERARIO VALUES(3,'Payaso','Circo de Payasos','via\u000a','4a','')
INSERT INTO ITINERARIO VALUES(4,'Billetes','Municipio del cr\u00e9dito','boulder','5c','')
INSERT INTO ITINERARIO VALUES(5,'Nestle','Pais del chocolate','boulder','4a','')
INSERT INTO FECHA_ITINERARIO VALUES(1,'2014-07-07 16:00:00.000000000')
INSERT INTO FECHA_ITINERARIO VALUES(2,'2014-11-16 00:00:00.000000000')
INSERT INTO FECHA_ITINERARIO VALUES(3,'2014-04-11 00:00:00.000000000')
INSERT INTO FECHA_ITINERARIO VALUES(4,'2014-06-01 00:00:00.000000000')
